[2021-08-02 17:55:19.827] [exthost] [info] extension host started
[2021-08-02 17:55:19.953] [exthost] [info] ExtensionService#_doActivateExtension vscode.microsoft-authentication {"startup":false,"extensionId":{"value":"vscode.microsoft-authentication","_lower":"vscode.microsoft-authentication"},"activationEvent":"onAuthenticationRequest:microsoft"}
[2021-08-02 17:55:19.954] [exthost] [info] ExtensionService#loadCommonJSModule file:///snap/code/70/usr/share/code/resources/app/extensions/microsoft-authentication/dist/extension.js
[2021-08-02 17:55:20.045] [exthost] [info] ExtensionService#_doActivateExtension vscode.debug-auto-launch {"startup":true,"extensionId":{"value":"vscode.debug-auto-launch","_lower":"vscode.debug-auto-launch"},"activationEvent":"*"}
[2021-08-02 17:55:20.045] [exthost] [info] ExtensionService#loadCommonJSModule file:///snap/code/70/usr/share/code/resources/app/extensions/debug-auto-launch/dist/extension
[2021-08-02 17:55:20.122] [exthost] [info] ExtensionService#_doActivateExtension vscode.git {"startup":true,"extensionId":{"value":"vscode.github","_lower":"vscode.github"},"activationEvent":"*"}
[2021-08-02 17:55:20.122] [exthost] [info] ExtensionService#loadCommonJSModule file:///snap/code/70/usr/share/code/resources/app/extensions/git/dist/main
[2021-08-02 17:55:20.334] [exthost] [info] ExtensionService#_doActivateExtension vscode.github {"startup":true,"extensionId":{"value":"vscode.github","_lower":"vscode.github"},"activationEvent":"*"}
[2021-08-02 17:55:20.334] [exthost] [info] ExtensionService#loadCommonJSModule file:///snap/code/70/usr/share/code/resources/app/extensions/github/dist/extension.js
[2021-08-02 17:55:20.556] [exthost] [info] eager extensions activated
[2021-08-02 17:55:20.558] [exthost] [info] ExtensionService#_doActivateExtension vscode.emmet {"startup":false,"extensionId":{"value":"vscode.emmet","_lower":"vscode.emmet"},"activationEvent":"onStartupFinished"}
[2021-08-02 17:55:20.558] [exthost] [info] ExtensionService#loadCommonJSModule file:///snap/code/70/usr/share/code/resources/app/extensions/emmet/dist/node/emmetNodeMain
[2021-08-02 17:55:20.600] [exthost] [info] ExtensionService#_doActivateExtension vscode.merge-conflict {"startup":false,"extensionId":{"value":"vscode.merge-conflict","_lower":"vscode.merge-conflict"},"activationEvent":"onStartupFinished"}
[2021-08-02 17:55:20.600] [exthost] [info] ExtensionService#loadCommonJSModule file:///snap/code/70/usr/share/code/resources/app/extensions/merge-conflict/dist/mergeConflictMain
[2021-08-02 17:55:20.632] [exthost] [info] ExtensionService#_doActivateExtension vscode.testing-editor-contributions {"startup":false,"extensionId":{"value":"vscode.testing-editor-contributions","_lower":"vscode.testing-editor-contributions"},"activationEvent":"onStartupFinished"}
[2021-08-02 17:55:20.632] [exthost] [info] ExtensionService#loadCommonJSModule file:///snap/code/70/usr/share/code/resources/app/extensions/testing-editor-contributions/dist/extension.js
[2021-08-02 17:55:20.638] [exthost] [info] ExtensionService#_doActivateExtension ms-vscode.js-debug {"startup":false,"extensionId":{"value":"ms-vscode.js-debug","_lower":"ms-vscode.js-debug"},"activationEvent":"onCommand:extension.js-debug.clearAutoAttachVariables"}
[2021-08-02 17:55:20.638] [exthost] [info] ExtensionService#loadCommonJSModule file:///snap/code/70/usr/share/code/resources/app/extensions/ms-vscode.js-debug/src/extension.js
[2021-08-02 17:55:20.890] [exthost] [info] ExtensionService#_doActivateExtension vscode.github-authentication {"startup":false,"extensionId":{"value":"vscode.github-authentication","_lower":"vscode.github-authentication"},"activationEvent":"onAuthenticationRequest:github"}
[2021-08-02 17:55:20.890] [exthost] [info] ExtensionService#loadCommonJSModule file:///snap/code/70/usr/share/code/resources/app/extensions/github-authentication/dist/extension.js
[2021-08-02 17:56:14.285] [exthost] [info] ExtensionService#_doActivateExtension vscode.configuration-editing {"startup":false,"extensionId":{"value":"vscode.configuration-editing","_lower":"vscode.configuration-editing"},"activationEvent":"onLanguage:jsonc"}
[2021-08-02 17:56:14.285] [exthost] [info] ExtensionService#loadCommonJSModule file:///snap/code/70/usr/share/code/resources/app/extensions/configuration-editing/dist/configurationEditingMain
[2021-08-02 17:56:14.344] [exthost] [info] ExtensionService#_doActivateExtension vscode.json-language-features {"startup":false,"extensionId":{"value":"vscode.json-language-features","_lower":"vscode.json-language-features"},"activationEvent":"onLanguage:jsonc"}
[2021-08-02 17:56:14.344] [exthost] [info] ExtensionService#loadCommonJSModule file:///snap/code/70/usr/share/code/resources/app/extensions/json-language-features/client/dist/node/jsonClientMain
[2021-08-02 17:56:14.416] [exthost] [info] ExtensionService#_doActivateExtension vscode.typescript-language-features {"startup":false,"extensionId":{"value":"vscode.typescript-language-features","_lower":"vscode.typescript-language-features"},"activationEvent":"onLanguage:jsonc"}
[2021-08-02 17:56:14.416] [exthost] [info] ExtensionService#loadCommonJSModule file:///snap/code/70/usr/share/code/resources/app/extensions/typescript-language-features/dist/extension
[2021-08-02 18:39:23.326] [exthost] [info] extension host terminating: renderer closed the socket
[2021-08-02 18:39:25.187] [exthost] [info] exiting with code 0
